2024-12-05 00:12:01.172 [RMI TCP Connection(29)-127.0.0.1] INFO  o.s.b.a.SpringApplicationAdminMXBeanRegistrar$SpringApplicationAdmin - Application shutdown requested.
2024-12-05 00:12:01.180 [RMI TCP Connection(29)-127.0.0.1] INFO  o.a.coyote.http11.Http11NioProtocol - Stopping ProtocolHandler ["http-nio-8081"]
2024-12-05 00:12:01.187 [RMI TCP Connection(29)-127.0.0.1] INFO  o.s.o.j.LocalContainerEntityManagerFactoryBean - Closing JPA EntityManagerFactory for persistence unit 'default'
2024-12-05 00:12:01.188 [RMI TCP Connection(29)-127.0.0.1] INFO  com.zaxxer.hikari.HikariDataSource - HikariPool-1 - Shutdown initiated...
2024-12-05 00:12:01.193 [RMI TCP Connection(29)-127.0.0.1] INFO  com.zaxxer.hikari.HikariDataSource - HikariPool-1 - Shutdown completed.
2024-12-05 00:12:03.121 [main] INFO  com.wnsud9771.CampaignApplication - Starting CampaignApplication using Java 21.0.4 with PID 14740 (C:\wnsud9771\DataStream-BE\target\classes started by jun97 in C:\wnsud9771\DataStream-BE)
2024-12-05 00:12:03.122 [main] INFO  com.wnsud9771.CampaignApplication - No active profile set, falling back to 1 default profile: "default"
2024-12-05 00:12:03.679 [main] INFO  o.s.d.r.c.RepositoryConfigurationDelegate - Bootstrapping Spring Data JPA repositories in DEFAULT mode.
2024-12-05 00:12:03.774 [main] INFO  o.s.d.r.c.RepositoryConfigurationDelegate - Finished Spring Data repository scanning in 89 ms. Found 29 JPA repository interfaces.
2024-12-05 00:12:04.123 [main] DEBUG o.a.tomcat.util.compat.Jre22Compat - Failed to create references to Java 22 classes and methods
java.lang.NoSuchMethodException: java.lang.foreign.MemorySegment.getString(long)
	at java.base/java.lang.Class.getMethod(Class.java:2395)
	at org.apache.tomcat.util.compat.Jre22Compat.<clinit>(Jre22Compat.java:42)
	at org.apache.tomcat.util.compat.JreCompat.<clinit>(JreCompat.java:55)
	at org.apache.catalina.startup.Tomcat.<clinit>(Tomcat.java:1193)
	at org.springframework.boot.web.embedded.tomcat.TomcatServletWebServerFactory.getWebServer(TomcatServletWebServerFactory.java:201)
	at org.springframework.boot.web.servlet.context.ServletWebServerApplicationContext.createWebServer(ServletWebServerApplicationContext.java:188)
	at org.springframework.boot.web.servlet.context.ServletWebServerApplicationContext.onRefresh(ServletWebServerApplicationContext.java:162)
	at org.springframework.context.support.AbstractApplicationContext.refresh(AbstractApplicationContext.java:618)
	at org.springframework.boot.web.servlet.context.ServletWebServerApplicationContext.refresh(ServletWebServerApplicationContext.java:146)
	at org.springframework.boot.SpringApplication.refresh(SpringApplication.java:754)
	at org.springframework.boot.SpringApplication.refreshContext(SpringApplication.java:456)
	at org.springframework.boot.SpringApplication.run(SpringApplication.java:334)
	at org.springframework.boot.SpringApplication.run(SpringApplication.java:1354)
	at org.springframework.boot.SpringApplication.run(SpringApplication.java:1343)
	at com.wnsud9771.CampaignApplication.main(CampaignApplication.java:10)
2024-12-05 00:12:04.175 [main] INFO  o.s.b.w.e.tomcat.TomcatWebServer - Tomcat initialized with port 8081 (http)
2024-12-05 00:12:04.182 [main] INFO  o.a.coyote.http11.Http11NioProtocol - Initializing ProtocolHandler ["http-nio-8081"]
2024-12-05 00:12:04.183 [main] INFO  o.a.catalina.core.StandardService - Starting service [Tomcat]
2024-12-05 00:12:04.183 [main] INFO  o.a.catalina.core.StandardEngine - Starting Servlet engine: [Apache Tomcat/10.1.19]
2024-12-05 00:12:04.227 [main] INFO  o.a.c.c.C.[Tomcat].[localhost].[/] - Initializing Spring embedded WebApplicationContext
2024-12-05 00:12:04.227 [main] INFO  o.s.b.w.s.c.ServletWebServerApplicationContext - Root WebApplicationContext: initialization completed in 1073 ms
2024-12-05 00:12:04.346 [main] INFO  o.h.jpa.internal.util.LogHelper - HHH000204: Processing PersistenceUnitInfo [name: default]
2024-12-05 00:12:04.386 [main] INFO  org.hibernate.Version - HHH000412: Hibernate ORM core version 6.4.4.Final
2024-12-05 00:12:04.410 [main] INFO  o.h.c.i.RegionFactoryInitiator - HHH000026: Second-level cache disabled
2024-12-05 00:12:04.591 [main] INFO  o.s.o.j.p.SpringPersistenceUnitInfo - No LoadTimeWeaver setup: ignoring JPA class transformer
2024-12-05 00:12:04.610 [main] INFO  com.zaxxer.hikari.HikariDataSource - HikariPool-1 - Starting...
2024-12-05 00:12:04.785 [main] INFO  com.zaxxer.hikari.pool.HikariPool - HikariPool-1 - Added connection com.mysql.cj.jdbc.ConnectionImpl@492c8137
2024-12-05 00:12:04.787 [main] INFO  com.zaxxer.hikari.HikariDataSource - HikariPool-1 - Start completed.
2024-12-05 00:12:04.832 [main] WARN  org.hibernate.orm.deprecation - HHH90000025: MySQLDialect does not need to be specified explicitly using 'hibernate.dialect' (remove the property setting and it will be selected by default)
2024-12-05 00:12:05.705 [main] INFO  o.h.e.t.j.p.i.JtaPlatformInitiator - HHH000489: No JTA platform available (set 'hibernate.transaction.jta.platform' to enable JTA platform integration)
2024-12-05 00:12:06.193 [main] INFO  o.s.o.j.LocalContainerEntityManagerFactoryBean - Initialized JPA EntityManagerFactory for persistence unit 'default'
2024-12-05 00:12:07.106 [main] WARN  o.s.b.a.o.j.JpaBaseConfiguration$JpaWebConfiguration - spring.jpa.open-in-view is enabled by default. Therefore, database queries may be performed during view rendering. Explicitly configure spring.jpa.open-in-view to disable this warning
2024-12-05 00:12:07.417 [main] INFO  o.a.coyote.http11.Http11NioProtocol - Starting ProtocolHandler ["http-nio-8081"]
2024-12-05 00:12:07.432 [main] INFO  o.s.b.w.e.tomcat.TomcatWebServer - Tomcat started on port 8081 (http) with context path ''
2024-12-05 00:12:07.438 [main] INFO  com.wnsud9771.CampaignApplication - Started CampaignApplication in 4.666 seconds (process running for 5.219)
2024-12-05 00:12:09.538 [http-nio-8081-exec-1] INFO  o.a.c.c.C.[Tomcat].[localhost].[/] - Initializing Spring DispatcherServlet 'dispatcherServlet'
2024-12-05 00:12:09.539 [http-nio-8081-exec-1] INFO  o.s.web.servlet.DispatcherServlet - Initializing Servlet 'dispatcherServlet'
2024-12-05 00:12:09.540 [http-nio-8081-exec-1] INFO  o.s.web.servlet.DispatcherServlet - Completed initialization in 1 ms
2024-12-05 00:12:09.549 [http-nio-8081-exec-1] WARN  o.s.web.servlet.PageNotFound - No mapping for GET /
2024-12-05 00:12:09.554 [http-nio-8081-exec-1] WARN  o.s.web.servlet.PageNotFound - No endpoint GET /.
2024-12-05 00:12:09.601 [http-nio-8081-exec-2] WARN  o.s.web.servlet.PageNotFound - No mapping for GET /favicon.ico
2024-12-05 00:12:09.602 [http-nio-8081-exec-2] WARN  o.s.web.servlet.PageNotFound - No endpoint GET /favicon.ico.
2024-12-05 00:12:14.262 [RMI TCP Connection(8)-127.0.0.1] INFO  o.s.b.a.SpringApplicationAdminMXBeanRegistrar$SpringApplicationAdmin - Application shutdown requested.
2024-12-05 00:12:14.264 [RMI TCP Connection(8)-127.0.0.1] INFO  o.a.coyote.http11.Http11NioProtocol - Stopping ProtocolHandler ["http-nio-8081"]
2024-12-05 00:12:14.271 [RMI TCP Connection(8)-127.0.0.1] INFO  o.s.o.j.LocalContainerEntityManagerFactoryBean - Closing JPA EntityManagerFactory for persistence unit 'default'
2024-12-05 00:12:14.272 [RMI TCP Connection(8)-127.0.0.1] INFO  com.zaxxer.hikari.HikariDataSource - HikariPool-1 - Shutdown initiated...
2024-12-05 00:12:14.284 [RMI TCP Connection(8)-127.0.0.1] INFO  com.zaxxer.hikari.HikariDataSource - HikariPool-1 - Shutdown completed.
